<?xml version="1.0" encoding="UTF-8"?>
<robot generator="Robot 3.1.1 (Python 3.7.2 on win32)" generated="20190414 20:04:41.324" rpa="false">
<suite id="s1" name="Runner" source="C:\Users\yvake\PycharmProjects\MyCareer\Test_Cases\PCT-3142\Script\runner.robot">
<test id="s1-t1" name="Open page">
<kw name="Start web test" type="setup">
<msg timestamp="20190414 20:04:41.554" level="FAIL">No keyword with name 'Start web test' found.</msg>
<status status="FAIL" starttime="20190414 20:04:41.554" endtime="20190414 20:04:41.554"></status>
</kw>
<kw name="End web test" type="teardown">
<msg timestamp="20190414 20:04:41.558" level="FAIL">No keyword with name 'End web test' found.</msg>
<status status="FAIL" starttime="20190414 20:04:41.558" endtime="20190414 20:04:41.558">No keyword with name 'End web test' found.</status>
</kw>
<status status="FAIL" starttime="20190414 20:04:41.550" endtime="20190414 20:04:41.558" critical="yes">Setup failed:
No keyword with name 'Start web test' found.

Also teardown failed:
No keyword with name 'End web test' found.</status>
</test>
<status status="FAIL" starttime="20190414 20:04:41.329" endtime="20190414 20:04:41.559"></status>
</suite>
<statistics>
<total>
<stat pass="0" fail="1">Critical Tests</stat>
<stat pass="0" fail="1">All Tests</stat>
</total>
<tag>
</tag>
<suite>
<stat pass="0" fail="1" id="s1" name="Runner">Runner</stat>
</suite>
</statistics>
<errors>
<msg timestamp="20190414 20:04:41.546" level="ERROR">Error in file 'C:\Users\yvake\PycharmProjects\MyCareer\Test_Cases\PCT-3142\Script\runner.robot': Resource file 'Test_Cases\Common\Common.robot' does not exist.</msg>
<msg timestamp="20190414 20:04:41.548" level="ERROR">Error in file 'C:\Users\yvake\PycharmProjects\MyCareer\Test_Cases\PCT-3142\Script\runner.robot': Resource file 'Test_Cases\Common\MyCertificationsList.robot' does not exist.</msg>
</errors>
</robot>
