<?xml version="1.0" encoding="UTF-8"?>
<robot generator="Robot 3.1.1 (Python 3.7.2 on win32)" generated="20190414 20:09:33.279" rpa="false">
<suite id="s1" name="Runner" source="C:\Users\yvake\PycharmProjects\MyCareer\Test_Cases\PCT-3142\Script\runner.robot">
<test id="s1-t1" name="Open page">
<kw name="Start web test" type="setup">
<msg timestamp="20190414 20:09:33.507" level="FAIL">No keyword with name 'Start web test' found.</msg>
<status status="FAIL" starttime="20190414 20:09:33.507" endtime="20190414 20:09:33.507"></status>
</kw>
<kw name="End web test" type="teardown">
<msg timestamp="20190414 20:09:33.511" level="FAIL">No keyword with name 'End web test' found.</msg>
<status status="FAIL" starttime="20190414 20:09:33.511" endtime="20190414 20:09:33.511">No keyword with name 'End web test' found.</status>
</kw>
<status status="FAIL" starttime="20190414 20:09:33.503" endtime="20190414 20:09:33.512" critical="yes">Setup failed:
No keyword with name 'Start web test' found.

Also teardown failed:
No keyword with name 'End web test' found.</status>
</test>
<status status="FAIL" starttime="20190414 20:09:33.284" endtime="20190414 20:09:33.513"></status>
</suite>
<statistics>
<total>
<stat pass="0" fail="1">Critical Tests</stat>
<stat pass="0" fail="1">All Tests</stat>
</total>
<tag>
</tag>
<suite>
<stat pass="0" fail="1" id="s1" name="Runner">Runner</stat>
</suite>
</statistics>
<errors>
<msg timestamp="20190414 20:09:33.500" level="ERROR">Error in file 'C:\Users\yvake\PycharmProjects\MyCareer\Test_Cases\PCT-3142\Script\runner.robot': Resource file '..\Common\Common.robot' does not exist.</msg>
<msg timestamp="20190414 20:09:33.502" level="ERROR">Error in file 'C:\Users\yvake\PycharmProjects\MyCareer\Test_Cases\PCT-3142\Script\runner.robot': Resource file '..\Common\MyCertificationsList.robot' does not exist.</msg>
</errors>
</robot>
